<?xml version="1.0" encoding="UTF-8"?>
<!-- Generated by org.testng.reporters.JUnitReportReporter -->
<testsuite skipped="0" hostname="admin-PC"
	name="TestPackage.HomePageTest" tests="1" failures="0"
	timestamp="2020-04-22T21:44:28 IST" time="18.804" errors="0">
	<testcase name="VerifySuccessfulLogin" time="18.804"
		classname="TestPackage.HomePageTest" />
	<system-out />
</testsuite> <!-- TestPackage.HomePageTest -->
