<?xml version="1.0" encoding="UTF-8"?>
<!-- Generated by org.testng.reporters.JUnitReportReporter -->
<testsuite skipped="0" hostname="admin-PC" name="TestPackage.QAClickHomePageTest" tests="1" failures="0" timestamp="2020-04-25T18:04:56 IST" time="2.137" errors="0">
  <testcase name="VerifyTitletext" time="2.137" classname="TestPackage.QAClickHomePageTest"/>
  <system-out/>
</testsuite> <!-- TestPackage.QAClickHomePageTest -->
