<?xml version="1.0" encoding="UTF-8"?>
<!-- Generated by org.testng.reporters.JUnitReportReporter -->
<testsuite skipped="0" hostname="admin-PC" name="cucumberOptions.TestRunner" tests="1" failures="0" timestamp="2020-05-04T20:28:14 IST" time="17.352" errors="0">
  <testcase name="feature" time="17.352" classname="cucumberOptions.TestRunner"/>
  <system-out/>
</testsuite> <!-- cucumberOptions.TestRunner -->
