<?xml version="1.0" encoding="UTF-8"?>
<!-- Generated by org.testng.reporters.JUnitReportReporter -->
<testsuite skipped="0" hostname="admin-PC"
	name="TestPackage.TFaceBookLoginTest" tests="1" failures="0"
	timestamp="2020-04-24T13:23:18 IST" time="5.310" errors="0">
	<testcase name="VerifySuccessfulLogin" time="5.310"
		classname="TestPackage.TFaceBookLoginTest" />
	<system-out />
</testsuite> <!-- TestPackage.TFaceBookLoginTest -->
