<?xml version="1.0" encoding="UTF-8"?>
<!-- Generated by org.testng.reporters.JUnitReportReporter -->
<testsuite skipped="0" hostname="admin-PC" name="TestPackage.AmazonLoginTest" tests="1" failures="0" timestamp="2020-04-28T02:01:06 IST" time="4.902" errors="0">
  <testcase name="VerifySuccessfulLogin" time="4.902" classname="TestPackage.AmazonLoginTest"/>
  <system-out/>
</testsuite> <!-- TestPackage.AmazonLoginTest -->
